<?xml version="1.0" encoding="UTF-8"?>
<!-- Generated by org.testng.reporters.JUnitReportReporter -->
<testsuite hostname="DESKTOP-H6V9FIN" failures="0" tests="2" name="executa.ExecutarIT" time="25.782" errors="2" timestamp="2022-04-25T18:49:43 BRT" skipped="0">
  <testcase classname="executa.ExecutarIT" name="runScenario" time="13.607">
    <error message="Cannot invoke &quot;org.openqa.selenium.TakesScreenshot.getScreenshotAs(org.openqa.selenium.OutputType)&quot; because &quot;this.driver&quot; is null" type="java.lang.NullPointerException">
      <![CDATA[java.lang.NullPointerException: Cannot invoke "org.openqa.selenium.TakesScreenshot.getScreenshotAs(org.openqa.selenium.OutputType)" because "this.driver" is null
at prova.sicredi@1.0-SNAPSHOT/paginas.Metodos.printScreenErros(Metodos.java:148)
at prova.sicredi@1.0-SNAPSHOT/paginas.Metodos.esperarClicavel(Metodos.java:246)
at prova.sicredi@1.0-SNAPSHOT/paginas.Navegacoes.validacaoDeCadastro(Navegacoes.java:13)
at prova.sicredi@1.0-SNAPSHOT/steps.Steps.valido_o_cadastro_do_primeiro_cenario(Steps.java:66)
at ✽.valido o cadastro do primeiro cenario(file:///C:/Users/erick/IdeaProjects/prova_sicredi/src/test/resources/features/provaSicredi.feature:16)
]]>
    </error>
  </testcase> <!-- runScenario -->
  <system-out/>
  <testcase classname="executa.ExecutarIT" name="runScenario" time="12.175">
    <error message="Cannot invoke &quot;org.openqa.selenium.TakesScreenshot.getScreenshotAs(org.openqa.selenium.OutputType)&quot; because &quot;this.driver&quot; is null" type="java.lang.NullPointerException">
      <![CDATA[java.lang.NullPointerException: Cannot invoke "org.openqa.selenium.TakesScreenshot.getScreenshotAs(org.openqa.selenium.OutputType)" because "this.driver" is null
at prova.sicredi@1.0-SNAPSHOT/paginas.Metodos.printScreenErros(Metodos.java:148)
at prova.sicredi@1.0-SNAPSHOT/paginas.Metodos.esperarClicavel(Metodos.java:246)
at prova.sicredi@1.0-SNAPSHOT/paginas.Navegacoes.validacaoDeCadastro(Navegacoes.java:13)
at prova.sicredi@1.0-SNAPSHOT/steps.Steps.valido_o_cadastro_do_segundo_cenario(Steps.java:72)
at ✽.valido o cadastro do segundo cenario(file:///C:/Users/erick/IdeaProjects/prova_sicredi/src/test/resources/features/provaSicredi.feature:24)
]]>
    </error>
  </testcase> <!-- runScenario -->
  <system-out/>
</testsuite> <!-- executa.ExecutarIT -->
